<?xml version="1.0" encoding="UTF-8"?>
<!-- Generated by org.testng.reporters.JUnitXMLReporter -->
<testsuite hostname="DESKTOP-P52D93K" ignored="0" name="Default test" tests="5" failures="0" timestamp="01 Apr 2019 15:35:49 GMT" time="207.053" errors="0">
  <testcase name="test1" time="26.629" classname="muttu11.LoginTest"/>
  <testcase name="test1" time="39.523" classname="muttu11.LoginTest"/>
  <testcase name="test1" time="25.008" classname="muttu11.LoginTest"/>
  <testcase name="test1" time="36.134" classname="muttu11.LoginTest"/>
  <testcase name="test1" time="30.444" classname="muttu11.LoginTest"/>
</testsuite> <!-- Default test -->
